2026-07-10T00:30:22.677+05:30  INFO 19420 --- [CMSBackEnd] [main] com.hexaware.cms.CmsBackEndApplication   : Starting CmsBackEndApplication using Java 21.0.5 with PID 19420 (C:\Users\Lily Candace\git\repository\CMSBackEnd\target\classes started by Lily Candace in C:\Users\Lily Candace\git\repository\CMSBackEnd)
2026-07-10T00:30:22.695+05:30  INFO 19420 --- [CMSBackEnd] [main] com.hexaware.cms.CmsBackEndApplication   : No active profile set, falling back to 1 default profile: "default"
2026-07-10T00:30:26.664+05:30  INFO 19420 --- [CMSBackEnd] [main] .s.d.r.c.RepositoryConfigurationDelegate : Bootstrapping Spring Data JPA repositories in DEFAULT mode.
2026-07-10T00:30:26.880+05:30  INFO 19420 --- [CMSBackEnd] [main] .s.d.r.c.RepositoryConfigurationDelegate : Finished Spring Data repository scanning in 188 ms. Found 9 JPA repository interfaces.
2026-07-10T00:30:28.518+05:30  INFO 19420 --- [CMSBackEnd] [main] o.s.b.w.embedded.tomcat.TomcatWebServer  : Tomcat initialized with port 8080 (http)
2026-07-10T00:30:28.571+05:30  INFO 19420 --- [CMSBackEnd] [main] o.apache.catalina.core.StandardService   : Starting service [Tomcat]
2026-07-10T00:30:28.573+05:30  INFO 19420 --- [CMSBackEnd] [main] o.apache.catalina.core.StandardEngine    : Starting Servlet engine: [Apache Tomcat/10.1.55]
2026-07-10T00:30:28.770+05:30  INFO 19420 --- [CMSBackEnd] [main] o.a.c.c.C.[Tomcat].[localhost].[/]       : Initializing Spring embedded WebApplicationContext
2026-07-10T00:30:28.771+05:30  INFO 19420 --- [CMSBackEnd] [main] w.s.c.ServletWebServerApplicationContext : Root WebApplicationContext: initialization completed in 5955 ms
2026-07-10T00:30:29.163+05:30  INFO 19420 --- [CMSBackEnd] [main] o.hibernate.jpa.internal.util.LogHelper  : HHH000204: Processing PersistenceUnitInfo [name: default]
2026-07-10T00:30:29.368+05:30  INFO 19420 --- [CMSBackEnd] [main] org.hibernate.Version                    : HHH000412: Hibernate ORM core version 6.6.53.Final
2026-07-10T00:30:29.491+05:30  INFO 19420 --- [CMSBackEnd] [main] o.h.c.internal.RegionFactoryInitiator    : HHH000026: Second-level cache disabled
2026-07-10T00:30:30.329+05:30  INFO 19420 --- [CMSBackEnd] [main] o.s.o.j.p.SpringPersistenceUnitInfo      : No LoadTimeWeaver setup: ignoring JPA class transformer
2026-07-10T00:30:30.417+05:30  INFO 19420 --- [CMSBackEnd] [main] com.zaxxer.hikari.HikariDataSource       : HikariPool-1 - Starting...
2026-07-10T00:30:31.574+05:30  INFO 19420 --- [CMSBackEnd] [main] com.zaxxer.hikari.pool.HikariPool        : HikariPool-1 - Added connection com.mysql.cj.jdbc.ConnectionImpl@2ac9e53c
2026-07-10T00:30:31.580+05:30  INFO 19420 --- [CMSBackEnd] [main] com.zaxxer.hikari.HikariDataSource       : HikariPool-1 - Start completed.
2026-07-10T00:30:31.725+05:30  WARN 19420 --- [CMSBackEnd] [main] org.hibernate.orm.deprecation            : HHH90000025: MySQLDialect does not need to be specified explicitly using 'hibernate.dialect' (remove the property setting and it will be selected by default)
2026-07-10T00:30:31.779+05:30  INFO 19420 --- [CMSBackEnd] [main] org.hibernate.orm.connections.pooling    : HHH10001005: Database info:
	Database JDBC URL [Connecting through datasource 'HikariDataSource (HikariPool-1)']
	Database driver: undefined/unknown
	Database version: 8.0.45
	Autocommit mode: undefined/unknown
	Isolation level: undefined/unknown
	Minimum pool size: undefined/unknown
	Maximum pool size: undefined/unknown
2026-07-10T00:30:35.661+05:30  INFO 19420 --- [CMSBackEnd] [main] o.h.e.t.j.p.i.JtaPlatformInitiator       : HHH000489: No JTA platform available (set 'hibernate.transaction.jta.platform' to enable JTA platform integration)
2026-07-10T00:30:36.109+05:30  INFO 19420 --- [CMSBackEnd] [main] j.LocalContainerEntityManagerFactoryBean : Initialized JPA EntityManagerFactory for persistence unit 'default'
2026-07-10T00:30:38.082+05:30  INFO 19420 --- [CMSBackEnd] [main] o.s.d.j.r.query.QueryEnhancerFactory     : Hibernate is in classpath; If applicable, HQL parser will be used.
2026-07-10T00:30:42.291+05:30  INFO 19420 --- [CMSBackEnd] [main] eAuthenticationProviderManagerConfigurer : Global AuthenticationManager configured with AuthenticationProvider bean with name authenticationProvider
2026-07-10T00:30:42.294+05:30  WARN 19420 --- [CMSBackEnd] [main] r$InitializeUserDetailsManagerConfigurer : Global AuthenticationManager configured with an AuthenticationProvider bean. UserDetailsService beans will not be used by Spring Security for automatically configuring username/password login. Consider removing the AuthenticationProvider bean. Alternatively, consider using the UserDetailsService in a manually instantiated DaoAuthenticationProvider. If the current configuration is intentional, to turn off this warning, increase the logging level of 'org.springframework.security.config.annotation.authentication.configuration.InitializeUserDetailsBeanManagerConfigurer' to ERROR
2026-07-10T00:30:43.654+05:30  WARN 19420 --- [CMSBackEnd] [main] JpaBaseConfiguration$JpaWebConfiguration : spring.jpa.open-in-view is enabled by default. Therefore, database queries may be performed during view rendering. Explicitly configure spring.jpa.open-in-view to disable this warning
2026-07-10T00:30:48.572+05:30  INFO 19420 --- [CMSBackEnd] [main] o.s.b.w.embedded.tomcat.TomcatWebServer  : Tomcat started on port 8080 (http) with context path '/'
2026-07-10T00:30:48.619+05:30  INFO 19420 --- [CMSBackEnd] [main] com.hexaware.cms.CmsBackEndApplication   : Started CmsBackEndApplication in 27.078 seconds (process running for 39.886)
2026-07-10T00:31:26.324+05:30  INFO 19420 --- [CMSBackEnd] [http-nio-8080-exec-1] o.a.c.c.C.[Tomcat].[localhost].[/]       : Initializing Spring DispatcherServlet 'dispatcherServlet'
2026-07-10T00:31:26.324+05:30  INFO 19420 --- [CMSBackEnd] [http-nio-8080-exec-1] o.s.web.servlet.DispatcherServlet        : Initializing Servlet 'dispatcherServlet'
2026-07-10T00:31:26.327+05:30  INFO 19420 --- [CMSBackEnd] [http-nio-8080-exec-1] o.s.web.servlet.DispatcherServlet        : Completed initialization in 2 ms
2026-07-10T00:31:26.676+05:30  INFO 19420 --- [CMSBackEnd] [http-nio-8080-exec-3] c.h.cms.controller.AuthController        : Login attempt for email: suresh@cms.com
2026-07-10T00:31:27.504+05:30  INFO 19420 --- [CMSBackEnd] [http-nio-8080-exec-3] c.hexaware.cms.service.EmailServiceImpl  : Sending email to suresh@cms.com
2026-07-10T00:31:33.093+05:30  INFO 19420 --- [CMSBackEnd] [http-nio-8080-exec-3] c.hexaware.cms.service.EmailServiceImpl  : Email sent successfully to suresh@cms.com
2026-07-10T00:31:33.095+05:30  INFO 19420 --- [CMSBackEnd] [http-nio-8080-exec-3] c.h.cms.controller.AuthController        : User logged in successfully: suresh@cms.com
2026-07-10T00:35:20.756+05:30  INFO 19420 --- [CMSBackEnd] [RMI TCP Connection(12)-127.0.0.1] inMXBeanRegistrar$SpringApplicationAdmin : Application shutdown requested.
2026-07-10T00:35:20.761+05:30  INFO 19420 --- [CMSBackEnd] [RMI TCP Connection(12)-127.0.0.1] o.s.b.w.e.tomcat.GracefulShutdown        : Commencing graceful shutdown. Waiting for active requests to complete
2026-07-10T00:35:20.776+05:30  INFO 19420 --- [CMSBackEnd] [tomcat-shutdown] o.s.b.w.e.tomcat.GracefulShutdown        : Graceful shutdown complete
2026-07-10T00:35:20.797+05:30  INFO 19420 --- [CMSBackEnd] [RMI TCP Connection(12)-127.0.0.1] j.LocalContainerEntityManagerFactoryBean : Closing JPA EntityManagerFactory for persistence unit 'default'
2026-07-10T00:35:20.805+05:30  INFO 19420 --- [CMSBackEnd] [RMI TCP Connection(12)-127.0.0.1] com.zaxxer.hikari.HikariDataSource       : HikariPool-1 - Shutdown initiated...
2026-07-10T00:35:20.816+05:30  INFO 19420 --- [CMSBackEnd] [RMI TCP Connection(12)-127.0.0.1] com.zaxxer.hikari.HikariDataSource       : HikariPool-1 - Shutdown completed.
2026-07-10T01:12:40.274+05:30  INFO 6276 --- [CMSBackEnd] [main] com.hexaware.cms.CmsBackEndApplication   : Starting CmsBackEndApplication using Java 21.0.5 with PID 6276 (C:\Users\Lily Candace\git\repository\CMSBackEnd\target\classes started by Lily Candace in C:\Users\Lily Candace\git\repository\CMSBackEnd)
2026-07-10T01:12:40.276+05:30  INFO 6276 --- [CMSBackEnd] [main] com.hexaware.cms.CmsBackEndApplication   : The following 1 profile is active: "aws"
2026-07-10T01:12:42.076+05:30  INFO 6276 --- [CMSBackEnd] [main] .s.d.r.c.RepositoryConfigurationDelegate : Bootstrapping Spring Data JPA repositories in DEFAULT mode.
2026-07-10T01:12:42.196+05:30  INFO 6276 --- [CMSBackEnd] [main] .s.d.r.c.RepositoryConfigurationDelegate : Finished Spring Data repository scanning in 104 ms. Found 9 JPA repository interfaces.
2026-07-10T01:12:42.862+05:30  INFO 6276 --- [CMSBackEnd] [main] o.s.b.w.embedded.tomcat.TomcatWebServer  : Tomcat initialized with port 8080 (http)
2026-07-10T01:12:42.884+05:30  INFO 6276 --- [CMSBackEnd] [main] o.apache.catalina.core.StandardService   : Starting service [Tomcat]
2026-07-10T01:12:42.884+05:30  INFO 6276 --- [CMSBackEnd] [main] o.apache.catalina.core.StandardEngine    : Starting Servlet engine: [Apache Tomcat/10.1.55]
2026-07-10T01:12:42.948+05:30  INFO 6276 --- [CMSBackEnd] [main] o.a.c.c.C.[Tomcat].[localhost].[/]       : Initializing Spring embedded WebApplicationContext
2026-07-10T01:12:42.949+05:30  INFO 6276 --- [CMSBackEnd] [main] w.s.c.ServletWebServerApplicationContext : Root WebApplicationContext: initialization completed in 2612 ms
2026-07-10T01:12:43.107+05:30  INFO 6276 --- [CMSBackEnd] [main] o.hibernate.jpa.internal.util.LogHelper  : HHH000204: Processing PersistenceUnitInfo [name: default]
2026-07-10T01:12:43.157+05:30  INFO 6276 --- [CMSBackEnd] [main] org.hibernate.Version                    : HHH000412: Hibernate ORM core version 6.6.53.Final
2026-07-10T01:12:43.194+05:30  INFO 6276 --- [CMSBackEnd] [main] o.h.c.internal.RegionFactoryInitiator    : HHH000026: Second-level cache disabled
2026-07-10T01:12:43.564+05:30  INFO 6276 --- [CMSBackEnd] [main] o.s.o.j.p.SpringPersistenceUnitInfo      : No LoadTimeWeaver setup: ignoring JPA class transformer
2026-07-10T01:12:43.617+05:30  INFO 6276 --- [CMSBackEnd] [main] com.zaxxer.hikari.HikariDataSource       : HikariPool-1 - Starting...
2026-07-10T01:12:45.522+05:30  INFO 6276 --- [CMSBackEnd] [main] com.zaxxer.hikari.pool.HikariPool        : HikariPool-1 - Added connection com.mysql.cj.jdbc.ConnectionImpl@af3295f
2026-07-10T01:12:45.524+05:30  INFO 6276 --- [CMSBackEnd] [main] com.zaxxer.hikari.HikariDataSource       : HikariPool-1 - Start completed.
2026-07-10T01:12:45.707+05:30  WARN 6276 --- [CMSBackEnd] [main] org.hibernate.orm.deprecation            : HHH90000025: MySQLDialect does not need to be specified explicitly using 'hibernate.dialect' (remove the property setting and it will be selected by default)
2026-07-10T01:12:45.762+05:30  INFO 6276 --- [CMSBackEnd] [main] org.hibernate.orm.connections.pooling    : HHH10001005: Database info:
	Database JDBC URL [Connecting through datasource 'HikariDataSource (HikariPool-1)']
	Database driver: undefined/unknown
	Database version: 8.4.9
	Autocommit mode: undefined/unknown
	Isolation level: undefined/unknown
	Minimum pool size: undefined/unknown
	Maximum pool size: undefined/unknown
2026-07-10T01:12:47.622+05:30  INFO 6276 --- [CMSBackEnd] [main] o.h.e.t.j.p.i.JtaPlatformInitiator       : HHH000489: No JTA platform available (set 'hibernate.transaction.jta.platform' to enable JTA platform integration)
2026-07-10T01:12:48.951+05:30  INFO 6276 --- [CMSBackEnd] [main] j.LocalContainerEntityManagerFactoryBean : Initialized JPA EntityManagerFactory for persistence unit 'default'
2026-07-10T01:12:49.440+05:30  INFO 6276 --- [CMSBackEnd] [main] o.s.d.j.r.query.QueryEnhancerFactory     : Hibernate is in classpath; If applicable, HQL parser will be used.
2026-07-10T01:12:50.463+05:30  INFO 6276 --- [CMSBackEnd] [main] eAuthenticationProviderManagerConfigurer : Global AuthenticationManager configured with AuthenticationProvider bean with name authenticationProvider
2026-07-10T01:12:50.465+05:30  WARN 6276 --- [CMSBackEnd] [main] r$InitializeUserDetailsManagerConfigurer : Global AuthenticationManager configured with an AuthenticationProvider bean. UserDetailsService beans will not be used by Spring Security for automatically configuring username/password login. Consider removing the AuthenticationProvider bean. Alternatively, consider using the UserDetailsService in a manually instantiated DaoAuthenticationProvider. If the current configuration is intentional, to turn off this warning, increase the logging level of 'org.springframework.security.config.annotation.authentication.configuration.InitializeUserDetailsBeanManagerConfigurer' to ERROR
2026-07-10T01:12:50.737+05:30  WARN 6276 --- [CMSBackEnd] [main] JpaBaseConfiguration$JpaWebConfiguration : spring.jpa.open-in-view is enabled by default. Therefore, database queries may be performed during view rendering. Explicitly configure spring.jpa.open-in-view to disable this warning
2026-07-10T01:12:51.800+05:30  INFO 6276 --- [CMSBackEnd] [main] o.s.b.w.embedded.tomcat.TomcatWebServer  : Tomcat started on port 8080 (http) with context path '/'
2026-07-10T01:12:51.816+05:30  INFO 6276 --- [CMSBackEnd] [main] com.hexaware.cms.CmsBackEndApplication   : Started CmsBackEndApplication in 12.223 seconds (process running for 12.953)
2026-07-10T01:13:17.316+05:30  INFO 6276 --- [CMSBackEnd] [http-nio-8080-exec-1] o.a.c.c.C.[Tomcat].[localhost].[/]       : Initializing Spring DispatcherServlet 'dispatcherServlet'
2026-07-10T01:13:17.316+05:30  INFO 6276 --- [CMSBackEnd] [http-nio-8080-exec-1] o.s.web.servlet.DispatcherServlet        : Initializing Servlet 'dispatcherServlet'
2026-07-10T01:13:17.319+05:30  INFO 6276 --- [CMSBackEnd] [http-nio-8080-exec-1] o.s.web.servlet.DispatcherServlet        : Completed initialization in 2 ms
2026-07-10T01:13:19.655+05:30  INFO 6276 --- [CMSBackEnd] [http-nio-8080-exec-9] o.springdoc.api.AbstractOpenApiResource  : Init duration for springdoc-openapi is: 1688 ms
2026-07-10T01:13:57.509+05:30  INFO 6276 --- [CMSBackEnd] [RMI TCP Connection(11)-127.0.0.1] inMXBeanRegistrar$SpringApplicationAdmin : Application shutdown requested.
2026-07-10T01:13:57.512+05:30  INFO 6276 --- [CMSBackEnd] [RMI TCP Connection(11)-127.0.0.1] o.s.b.w.e.tomcat.GracefulShutdown        : Commencing graceful shutdown. Waiting for active requests to complete
2026-07-10T01:13:57.521+05:30  INFO 6276 --- [CMSBackEnd] [tomcat-shutdown] o.s.b.w.e.tomcat.GracefulShutdown        : Graceful shutdown complete
2026-07-10T01:13:57.530+05:30  INFO 6276 --- [CMSBackEnd] [RMI TCP Connection(11)-127.0.0.1] j.LocalContainerEntityManagerFactoryBean : Closing JPA EntityManagerFactory for persistence unit 'default'
2026-07-10T01:13:57.534+05:30  INFO 6276 --- [CMSBackEnd] [RMI TCP Connection(11)-127.0.0.1] com.zaxxer.hikari.HikariDataSource       : HikariPool-1 - Shutdown initiated...
2026-07-10T01:13:57.599+05:30  INFO 6276 --- [CMSBackEnd] [RMI TCP Connection(11)-127.0.0.1] com.zaxxer.hikari.HikariDataSource       : HikariPool-1 - Shutdown completed.
2026-07-10T01:15:37.087+05:30  INFO 6524 --- [CMSBackEnd] [main] c.h.c.b.CmsBackEndApplicationTests       : Starting CmsBackEndApplicationTests using Java 21.0.5 with PID 6524 (started by Lily Candace in C:\Users\Lily Candace\git\repository\CMSBackEnd)
2026-07-10T01:15:37.088+05:30 DEBUG 6524 --- [CMSBackEnd] [main] c.h.c.b.CmsBackEndApplicationTests       : Running with Spring Boot v3.5.15, Spring v6.2.19
2026-07-10T01:15:37.089+05:30  INFO 6524 --- [CMSBackEnd] [main] c.h.c.b.CmsBackEndApplicationTests       : The following 1 profile is active: "aws"
2026-07-10T01:15:40.034+05:30  INFO 6524 --- [CMSBackEnd] [main] .s.d.r.c.RepositoryConfigurationDelegate : Bootstrapping Spring Data JPA repositories in DEFAULT mode.
2026-07-10T01:15:40.153+05:30  INFO 6524 --- [CMSBackEnd] [main] .s.d.r.c.RepositoryConfigurationDelegate : Finished Spring Data repository scanning in 106 ms. Found 9 JPA repository interfaces.
2026-07-10T01:15:40.901+05:30  INFO 6524 --- [CMSBackEnd] [main] o.hibernate.jpa.internal.util.LogHelper  : HHH000204: Processing PersistenceUnitInfo [name: default]
2026-07-10T01:15:40.979+05:30  INFO 6524 --- [CMSBackEnd] [main] org.hibernate.Version                    : HHH000412: Hibernate ORM core version 6.6.53.Final
2026-07-10T01:15:41.026+05:30  INFO 6524 --- [CMSBackEnd] [main] o.h.c.internal.RegionFactoryInitiator    : HHH000026: Second-level cache disabled
2026-07-10T01:15:41.503+05:30  INFO 6524 --- [CMSBackEnd] [main] o.s.o.j.p.SpringPersistenceUnitInfo      : No LoadTimeWeaver setup: ignoring JPA class transformer
2026-07-10T01:15:41.532+05:30  INFO 6524 --- [CMSBackEnd] [main] com.zaxxer.hikari.HikariDataSource       : HikariPool-1 - Starting...
2026-07-10T01:15:43.200+05:30  INFO 6524 --- [CMSBackEnd] [main] com.zaxxer.hikari.pool.HikariPool        : HikariPool-1 - Added connection com.mysql.cj.jdbc.ConnectionImpl@a6fc1bc
2026-07-10T01:15:43.203+05:30  INFO 6524 --- [CMSBackEnd] [main] com.zaxxer.hikari.HikariDataSource       : HikariPool-1 - Start completed.
2026-07-10T01:15:43.527+05:30  WARN 6524 --- [CMSBackEnd] [main] org.hibernate.orm.deprecation            : HHH90000025: MySQLDialect does not need to be specified explicitly using 'hibernate.dialect' (remove the property setting and it will be selected by default)
2026-07-10T01:15:43.570+05:30  INFO 6524 --- [CMSBackEnd] [main] org.hibernate.orm.connections.pooling    : HHH10001005: Database info:
	Database JDBC URL [Connecting through datasource 'HikariDataSource (HikariPool-1)']
	Database driver: undefined/unknown
	Database version: 8.4.9
	Autocommit mode: undefined/unknown
	Isolation level: undefined/unknown
	Minimum pool size: undefined/unknown
	Maximum pool size: undefined/unknown
2026-07-10T01:15:44.783+05:30  INFO 6524 --- [CMSBackEnd] [main] o.h.e.t.j.p.i.JtaPlatformInitiator       : HHH000489: No JTA platform available (set 'hibernate.transaction.jta.platform' to enable JTA platform integration)
2026-07-10T01:15:46.456+05:30  INFO 6524 --- [CMSBackEnd] [main] j.LocalContainerEntityManagerFactoryBean : Initialized JPA EntityManagerFactory for persistence unit 'default'
2026-07-10T01:15:47.003+05:30  INFO 6524 --- [CMSBackEnd] [main] o.s.d.j.r.query.QueryEnhancerFactory     : Hibernate is in classpath; If applicable, HQL parser will be used.
2026-07-10T01:15:48.014+05:30  INFO 6524 --- [CMSBackEnd] [main] eAuthenticationProviderManagerConfigurer : Global AuthenticationManager configured with AuthenticationProvider bean with name authenticationProvider
2026-07-10T01:15:48.015+05:30  WARN 6524 --- [CMSBackEnd] [main] r$InitializeUserDetailsManagerConfigurer : Global AuthenticationManager configured with an AuthenticationProvider bean. UserDetailsService beans will not be used by Spring Security for automatically configuring username/password login. Consider removing the AuthenticationProvider bean. Alternatively, consider using the UserDetailsService in a manually instantiated DaoAuthenticationProvider. If the current configuration is intentional, to turn off this warning, increase the logging level of 'org.springframework.security.config.annotation.authentication.configuration.InitializeUserDetailsBeanManagerConfigurer' to ERROR
2026-07-10T01:15:48.262+05:30  WARN 6524 --- [CMSBackEnd] [main] JpaBaseConfiguration$JpaWebConfiguration : spring.jpa.open-in-view is enabled by default. Therefore, database queries may be performed during view rendering. Explicitly configure spring.jpa.open-in-view to disable this warning
2026-07-10T01:15:49.326+05:30  INFO 6524 --- [CMSBackEnd] [main] c.h.c.b.CmsBackEndApplicationTests       : Started CmsBackEndApplicationTests in 12.784 seconds (process running for 15.211)
2026-07-10T01:15:49.928+05:30  INFO 6524 --- [CMSBackEnd] [main] t.c.s.AnnotationConfigContextLoaderUtils : Could not detect default configuration classes for test class [com.hexaware.cms.backend.service.AssignmentServiceImplTest]: AssignmentServiceImplTest does not declare any static, non-private, non-final, nested classes annotated with @Configuration.
2026-07-10T01:15:49.957+05:30  INFO 6524 --- [CMSBackEnd] [main] .b.t.c.SpringBootTestContextBootstrapper : Found @SpringBootConfiguration com.hexaware.cms.CmsBackEndApplication for test class com.hexaware.cms.backend.service.AssignmentServiceImplTest
2026-07-10T01:15:50.238+05:30  INFO 6524 --- [CMSBackEnd] [main] t.c.s.AnnotationConfigContextLoaderUtils : Could not detect default configuration classes for test class [com.hexaware.cms.backend.service.IncidentServiceImplTest]: IncidentServiceImplTest does not declare any static, non-private, non-final, nested classes annotated with @Configuration.
2026-07-10T01:15:50.243+05:30  INFO 6524 --- [CMSBackEnd] [main] .b.t.c.SpringBootTestContextBootstrapper : Found @SpringBootConfiguration com.hexaware.cms.CmsBackEndApplication for test class com.hexaware.cms.backend.service.IncidentServiceImplTest
2026-07-10T01:15:50.267+05:30  INFO 6524 --- [CMSBackEnd] [main] c.hexaware.cms.service.UserServiceImpl   : Fetching incident ID: 1
2026-07-10T01:15:51.553+05:30  INFO 6524 --- [CMSBackEnd] [main] t.c.s.AnnotationConfigContextLoaderUtils : Could not detect default configuration classes for test class [com.hexaware.cms.backend.service.LookupServiceImplTest]: LookupServiceImplTest does not declare any static, non-private, non-final, nested classes annotated with @Configuration.
2026-07-10T01:15:51.556+05:30  INFO 6524 --- [CMSBackEnd] [main] .b.t.c.SpringBootTestContextBootstrapper : Found @SpringBootConfiguration com.hexaware.cms.CmsBackEndApplication for test class com.hexaware.cms.backend.service.LookupServiceImplTest
2026-07-10T01:15:52.189+05:30  INFO 6524 --- [CMSBackEnd] [main] t.c.s.AnnotationConfigContextLoaderUtils : Could not detect default configuration classes for test class [com.hexaware.cms.backend.service.NotificationServiceImplTest]: NotificationServiceImplTest does not declare any static, non-private, non-final, nested classes annotated with @Configuration.
2026-07-10T01:15:52.192+05:30  INFO 6524 --- [CMSBackEnd] [main] .b.t.c.SpringBootTestContextBootstrapper : Found @SpringBootConfiguration com.hexaware.cms.CmsBackEndApplication for test class com.hexaware.cms.backend.service.NotificationServiceImplTest
2026-07-10T01:15:52.250+05:30  INFO 6524 --- [CMSBackEnd] [main] t.c.s.AnnotationConfigContextLoaderUtils : Could not detect default configuration classes for test class [com.hexaware.cms.backend.service.StatusHistoryServiceImplTest]: StatusHistoryServiceImplTest does not declare any static, non-private, non-final, nested classes annotated with @Configuration.
2026-07-10T01:15:52.253+05:30  INFO 6524 --- [CMSBackEnd] [main] .b.t.c.SpringBootTestContextBootstrapper : Found @SpringBootConfiguration com.hexaware.cms.CmsBackEndApplication for test class com.hexaware.cms.backend.service.StatusHistoryServiceImplTest
2026-07-10T01:15:52.485+05:30  INFO 6524 --- [CMSBackEnd] [main] t.c.s.AnnotationConfigContextLoaderUtils : Could not detect default configuration classes for test class [com.hexaware.cms.backend.service.UserServiceImplTest]: UserServiceImplTest does not declare any static, non-private, non-final, nested classes annotated with @Configuration.
2026-07-10T01:15:52.486+05:30  INFO 6524 --- [CMSBackEnd] [main] .b.t.c.SpringBootTestContextBootstrapper : Found @SpringBootConfiguration com.hexaware.cms.CmsBackEndApplication for test class com.hexaware.cms.backend.service.UserServiceImplTest
2026-07-10T01:15:52.844+05:30  INFO 6524 --- [CMSBackEnd] [main] c.hexaware.cms.service.UserServiceImpl   : Updating user with ID: 1
2026-07-10T01:15:53.397+05:30  INFO 6524 --- [CMSBackEnd] [main] c.hexaware.cms.service.UserServiceImpl   : User updated successfully.
2026-07-10T01:15:53.406+05:30  INFO 6524 --- [CMSBackEnd] [main] c.hexaware.cms.service.UserServiceImpl   : Registering user with email: lilytest@gmail.com
2026-07-10T01:15:53.900+05:30  INFO 6524 --- [CMSBackEnd] [main] c.hexaware.cms.service.UserServiceImpl   : User registered successfully with ID: 23
2026-07-10T01:15:53.900+05:30  INFO 6524 --- [CMSBackEnd] [main] c.hexaware.cms.service.EmailServiceImpl  : Sending email to lilytest@gmail.com
2026-07-10T01:15:59.615+05:30  INFO 6524 --- [CMSBackEnd] [main] c.hexaware.cms.service.EmailServiceImpl  : Email sent successfully to lilytest@gmail.com
2026-07-10T01:15:59.622+05:30  INFO 6524 --- [CMSBackEnd] [main] c.hexaware.cms.service.UserServiceImpl   : Deleting user with ID: 4
2026-07-10T01:16:01.279+05:30  WARN 6524 --- [CMSBackEnd] [main] o.h.engine.jdbc.spi.SqlExceptionHelper   : SQL Error: 1451, SQLState: 23000
2026-07-10T01:16:01.279+05:30 ERROR 6524 --- [CMSBackEnd] [main] o.h.engine.jdbc.spi.SqlExceptionHelper   : Cannot delete or update a parent row: a foreign key constraint fails (`cms`.`incidents`, CONSTRAINT `FKkcwpxf40y1etvwdeqsx19julp` FOREIGN KEY (`user_id`) REFERENCES `users` (`user_id`))
2026-07-10T01:16:01.727+05:30  INFO 6524 --- [CMSBackEnd] [main] c.hexaware.cms.service.UserServiceImpl   : Fetching user with ID: 1
2026-07-10T01:16:02.437+05:30  INFO 6524 --- [CMSBackEnd] [SpringApplicationShutdownHook] j.LocalContainerEntityManagerFactoryBean : Closing JPA EntityManagerFactory for persistence unit 'default'
2026-07-10T01:16:02.443+05:30  INFO 6524 --- [CMSBackEnd] [SpringApplicationShutdownHook] com.zaxxer.hikari.HikariDataSource       : HikariPool-1 - Shutdown initiated...
2026-07-10T01:16:02.558+05:30  INFO 6524 --- [CMSBackEnd] [SpringApplicationShutdownHook] com.zaxxer.hikari.HikariDataSource       : HikariPool-1 - Shutdown completed.
